<?xml version="1.0" encoding="UTF-8"?>
<!-- Generated by org.testng.reporters.JUnitXMLReporter -->
<testsuite ignored="0" hostname="LAPTOP-A5ENTL9M" failures="0" tests="7" name="Default test" time="34.935" errors="0" timestamp="2023-08-03T17:11:56 IST">
  <testcase classname="com.MyAppApplicationTestscode" name="testing" time="1.11"/>
  <testcase classname="com.MyAppApplicationTestscode" name="signup" time="1.387"/>
  <testcase classname="com.MyAppApplicationTestscode" name="signin" time="1.368"/>
  <testcase classname="com.MyAppApplicationTestscode" name="adminhome" time="1.275"/>
  <testcase classname="com.MyAppApplicationTestscode" name="userhome" time="1.457"/>
  <testcase classname="com.MyAppApplicationTestscode" name="loadusers" time="4.6"/>
  <testcase classname="com.MyAppApplicationTestscode" name="approve" time="1.62"/>
</testsuite> <!-- Default test -->
